android/YoPlayer/app/build/intermediates/manifest_merge_blame_file/release/manifest-merger-blame-release-report.txt
1<?xml version="1.0" encoding="utf-8"?>
2<manifest xmlns:android="http://schemas.android.com/apk/res/android"
3    package="com.app.yoplayer"
4    android:versionCode="1"
5    android:versionName="1.0" >
6
7    <uses-sdk
8        android:minSdkVersion="14"
8-->src/main/AndroidManifest.xml
9        android:targetSdkVersion="29" />
9-->src/main/AndroidManifest.xml
10
11    <uses-permission android:name="android.permission.INTERNET" />
11-->src/main/AndroidManifest.xml:4:5-66
11-->src/main/AndroidManifest.xml:4:22-64
12    <uses-permission android:name="android.permission.READ_EXTERNAL_STORAGE" />
12-->src/main/AndroidManifest.xml:5:5-80
12-->src/main/AndroidManifest.xml:5:22-77
13    <uses-permission android:name="android.permission.WRITE_EXTERNAL_STORAGE" />
13-->src/main/AndroidManifest.xml:6:5-81
13-->src/main/AndroidManifest.xml:6:22-78
14
15    <application
15-->src/main/AndroidManifest.xml:7:5-67:19
16        android:allowBackup="true"
16-->src/main/AndroidManifest.xml:8:9-35
17        android:appComponentFactory="androidx.core.app.CoreComponentFactory"
17-->[androidx.core:core:1.1.0] AndroidManifest.xml:24:18-86
18        android:icon="@mipmap/ic_launcher"
18-->src/main/AndroidManifest.xml:9:9-43
19        android:label="@string/app_name"
19-->src/main/AndroidManifest.xml:10:9-41
20        android:roundIcon="@mipmap/ic_launcher"
20-->src/main/AndroidManifest.xml:11:9-48
21        android:supportsRtl="true"
21-->src/main/AndroidManifest.xml:12:9-35
22        android:theme="@style/AppTheme" >
22-->src/main/AndroidManifest.xml:13:9-40
23        <activity android:name="com.app.yoplayer.MainActivity" >
23-->src/main/AndroidManifest.xml:14:9-20:20
23-->src/main/AndroidManifest.xml:14:19-47
24            <intent-filter>
24-->src/main/AndroidManifest.xml:15:13-19:29
25                <action android:name="android.intent.action.MAIN" />
25-->src/main/AndroidManifest.xml:16:17-69
25-->src/main/AndroidManifest.xml:16:25-66
26
27                <category android:name="android.intent.category.LAUNCHER" />
27-->src/main/AndroidManifest.xml:18:17-77
27-->src/main/AndroidManifest.xml:18:27-74
28            </intent-filter>
29        </activity>
30        <activity android:name="com.app.yoplayer.VideoPlayer" >
30-->src/main/AndroidManifest.xml:21:9-66:20
30-->src/main/AndroidManifest.xml:21:19-46
31            <intent-filter>
31-->src/main/AndroidManifest.xml:22:13-33:29
32                <action android:name="android.intent.action.VIEW" />
32-->src/main/AndroidManifest.xml:23:17-69
32-->src/main/AndroidManifest.xml:23:25-66
33
34                <category android:name="android.intent.category.DEFAULT" />
34-->src/main/AndroidManifest.xml:24:17-76
34-->src/main/AndroidManifest.xml:24:27-73
35                <category android:name="android.intent.category.BROWSABLE" />
35-->src/main/AndroidManifest.xml:25:17-78
35-->src/main/AndroidManifest.xml:25:27-75
36
37                <data android:scheme="http" />
37-->src/main/AndroidManifest.xml:26:17-47
37-->src/main/AndroidManifest.xml:26:23-44
38                <data android:scheme="https" />
38-->src/main/AndroidManifest.xml:26:17-47
38-->src/main/AndroidManifest.xml:26:23-44
39                <data android:scheme="content" />
39-->src/main/AndroidManifest.xml:26:17-47
39-->src/main/AndroidManifest.xml:26:23-44
40                <data android:scheme="file" />
40-->src/main/AndroidManifest.xml:26:17-47
40-->src/main/AndroidManifest.xml:26:23-44
41                <data android:mimeType="video/*" />
41-->src/main/AndroidManifest.xml:26:17-47
41-->src/main/AndroidManifest.xml:30:23-49
42                <data android:mimeType="audio/*" />
42-->src/main/AndroidManifest.xml:26:17-47
42-->src/main/AndroidManifest.xml:30:23-49
43                <data android:mimeType="application/sdp" />
43-->src/main/AndroidManifest.xml:26:17-47
43-->src/main/AndroidManifest.xml:30:23-49
44            </intent-filter>
45            <intent-filter>
45-->src/main/AndroidManifest.xml:34:13-45:29
46                <action android:name="android.intent.action.SEND" />
46-->src/main/AndroidManifest.xml:35:17-69
46-->src/main/AndroidManifest.xml:35:25-66
47
48                <category android:name="android.intent.category.DEFAULT" />
48-->src/main/AndroidManifest.xml:24:17-76
48-->src/main/AndroidManifest.xml:24:27-73
49                <category android:name="android.intent.category.BROWSABLE" />
49-->src/main/AndroidManifest.xml:25:17-78
49-->src/main/AndroidManifest.xml:25:27-75
50
51                <data android:scheme="http" />
51-->src/main/AndroidManifest.xml:26:17-47
51-->src/main/AndroidManifest.xml:26:23-44
52                <data android:scheme="https" />
52-->src/main/AndroidManifest.xml:26:17-47
52-->src/main/AndroidManifest.xml:26:23-44
53                <data android:scheme="content" />
53-->src/main/AndroidManifest.xml:26:17-47
53-->src/main/AndroidManifest.xml:26:23-44
54                <data android:scheme="file" />
54-->src/main/AndroidManifest.xml:26:17-47
54-->src/main/AndroidManifest.xml:26:23-44
55                <data android:mimeType="video/*" />
55-->src/main/AndroidManifest.xml:26:17-47
55-->src/main/AndroidManifest.xml:30:23-49
56                <data android:mimeType="audio/*" />
56-->src/main/AndroidManifest.xml:26:17-47
56-->src/main/AndroidManifest.xml:30:23-49
57                <data android:mimeType="application/sdp" />
57-->src/main/AndroidManifest.xml:26:17-47
57-->src/main/AndroidManifest.xml:30:23-49
58            </intent-filter>
59            <intent-filter>
59-->src/main/AndroidManifest.xml:46:13-57:29
60                <action android:name="android.intent.action.SEND_MULTIPLE" />
60-->src/main/AndroidManifest.xml:47:17-78
60-->src/main/AndroidManifest.xml:47:25-75
61
62                <category android:name="android.intent.category.DEFAULT" />
62-->src/main/AndroidManifest.xml:24:17-76
62-->src/main/AndroidManifest.xml:24:27-73
63                <category android:name="android.intent.category.BROWSABLE" />
63-->src/main/AndroidManifest.xml:25:17-78
63-->src/main/AndroidManifest.xml:25:27-75
64
65                <data android:scheme="http" />
65-->src/main/AndroidManifest.xml:26:17-47
65-->src/main/AndroidManifest.xml:26:23-44
66                <data android:scheme="https" />
66-->src/main/AndroidManifest.xml:26:17-47
66-->src/main/AndroidManifest.xml:26:23-44
67                <data android:scheme="content" />
67-->src/main/AndroidManifest.xml:26:17-47
67-->src/main/AndroidManifest.xml:26:23-44
68                <data android:scheme="file" />
68-->src/main/AndroidManifest.xml:26:17-47
68-->src/main/AndroidManifest.xml:26:23-44
69                <data android:mimeType="video/*" />
69-->src/main/AndroidManifest.xml:26:17-47
69-->src/main/AndroidManifest.xml:30:23-49
70                <data android:mimeType="audio/*" />
70-->src/main/AndroidManifest.xml:26:17-47
70-->src/main/AndroidManifest.xml:30:23-49
71                <data android:mimeType="application/sdp" />
71-->src/main/AndroidManifest.xml:26:17-47
71-->src/main/AndroidManifest.xml:30:23-49
72            </intent-filter>
73            <intent-filter>
73-->src/main/AndroidManifest.xml:58:13-65:29
74                !-- HTTP live support -->
75                <action android:name="android.intent.action.VIEW" />
75-->src/main/AndroidManifest.xml:23:17-69
75-->src/main/AndroidManifest.xml:23:25-66
76
77                <category android:name="android.intent.category.DEFAULT" />
77-->src/main/AndroidManifest.xml:24:17-76
77-->src/main/AndroidManifest.xml:24:27-73
78                <category android:name="android.intent.category.BROWSABLE" />
78-->src/main/AndroidManifest.xml:25:17-78
78-->src/main/AndroidManifest.xml:25:27-75
79
80                <data android:scheme="http" />
80-->src/main/AndroidManifest.xml:26:17-47
80-->src/main/AndroidManifest.xml:26:23-44
81                <data android:mimeType="audio/*" />
81-->src/main/AndroidManifest.xml:26:17-47
81-->src/main/AndroidManifest.xml:30:23-49
82            </intent-filter>
83        </activity>
84    </application>
85
86</manifest>